*****************
三星 Galaxy A15 (SM-155M/DSN),128GB 6GB 内存,双 SIM 卡,工厂解锁 GSM,国际版(壁式充电器套装)(浅蓝色)
https://www.amazon.com/-/zh/dp/B0CSB22F9C/ref=sr_1_1?__mk_zh_CN=%E4%BA%9A%E9%A9%AC%E9%80%8A%E7%BD%91%E7%AB%99&dib=eyJ2IjoiMSJ9.7xQtpwpNXLYjBhdhrIqrgMHP-I1OwLTvDKRKY4vg2HMVjpUrUH9feRbNeTDTNaJCAnlB02KIadzg8kL5olup28iV9nPPcFa9AEavD3LkIwgjRu1s0sDQtSHlKChNpunW0bzfdvEYbtmGZr4RSOOnGmndre7S8edmm-swwgl3nTpRbzozYGoPrWdyLLzH5aBbY1z-JzH8Sgnb2m-7qRSzYuKwHbH3_VNjTShEq3bkbr0.w92Z1hQhhU9sCkGBRP0S1ePtMtumMD09CjZjC-aE6-w&dib_tag=se&keywords=phone&qid=1731288559&refresh=1&sr=8-1
https://m.media-amazon.com/images/I/51rp0nqaPoL._AC_UY218_.jpg
4.2 颗星，最多 5 颗星
过去一个月有5000+顾客购买
US$162.70
*****************
三星 Galaxy A15 A155M 128GB 双 SIM GSM 解锁 Android 智能手机(拉丁美洲版) - 蓝黑色
https://www.amazon.com/-/zh/dp/B0CSB14R7J/ref=sr_1_2?__mk_zh_CN=%E4%BA%9A%E9%A9%AC%E9%80%8A%E7%BD%91%E7%AB%99&dib=eyJ2IjoiMSJ9.7xQtpwpNXLYjBhdhrIqrgMHP-I1OwLTvDKRKY4vg2HMVjpUrUH9feRbNeTDTNaJCAnlB02KIadzg8kL5olup28iV9nPPcFa9AEavD3LkIwgjRu1s0sDQtSHlKChNpunW0bzfdvEYbtmGZr4RSOOnGmndre7S8edmm-swwgl3nTpRbzozYGoPrWdyLLzH5aBbY1z-JzH8Sgnb2m-7qRSzYuKwHbH3_VNjTShEq3bkbr0.w92Z1hQhhU9sCkGBRP0S1ePtMtumMD09CjZjC-aE6-w&dib_tag=se&keywords=phone&qid=1731288559&refresh=1&sr=8-2
https://m.media-amazon.com/images/I/515zGEaozeL._AC_UY218_.jpg
4.3 颗星，最多 5 颗星
过去一个月有2000+顾客购买
US$149.98
*****************
三星 Galaxy A15 5G A 系列手机,128GB 解锁安卓智能手机,AMOLED 显示屏,可扩展存储,Knox 安全,超快充电,美国版,2024,蓝黑色
https://www.amazon.com/-/zh/dp/B0CN1QSH8Q/ref=sr_1_3?__mk_zh_CN=%E4%BA%9A%E9%A9%AC%E9%80%8A%E7%BD%91%E7%AB%99&dib=eyJ2IjoiMSJ9.7xQtpwpNXLYjBhdhrIqrgMHP-I1OwLTvDKRKY4vg2HMVjpUrUH9feRbNeTDTNaJCAnlB02KIadzg8kL5olup28iV9nPPcFa9AEavD3LkIwgjRu1s0sDQtSHlKChNpunW0bzfdvEYbtmGZr4RSOOnGmndre7S8edmm-swwgl3nTpRbzozYGoPrWdyLLzH5aBbY1z-JzH8Sgnb2m-7qRSzYuKwHbH3_VNjTShEq3bkbr0.w92Z1hQhhU9sCkGBRP0S1ePtMtumMD09CjZjC-aE6-w&dib_tag=se&keywords=phone&qid=1731288559&refresh=1&sr=8-3
https://m.media-amazon.com/images/I/41vU1u8DZXL._AC_UY218_.jpg
4.0 颗星，最多 5 颗星
过去一个月有4000+顾客购买
US$179.99
*****************
三星 Galaxy A35 5G A 系列手机,128GB 解锁安卓智能手机,AMOLED 显示屏,高级三重相机系统,可扩展存储,坚固耐用设计,美国版,2024 年,真棒丁香
https://www.amazon.com/-/zh/dp/B0CV4NH5T9/ref=sr_1_4?__mk_zh_CN=%E4%BA%9A%E9%A9%AC%E9%80%8A%E7%BD%91%E7%AB%99&dib=eyJ2IjoiMSJ9.7xQtpwpNXLYjBhdhrIqrgMHP-I1OwLTvDKRKY4vg2HMVjpUrUH9feRbNeTDTNaJCAnlB02KIadzg8kL5olup28iV9nPPcFa9AEavD3LkIwgjRu1s0sDQtSHlKChNpunW0bzfdvEYbtmGZr4RSOOnGmndre7S8edmm-swwgl3nTpRbzozYGoPrWdyLLzH5aBbY1z-JzH8Sgnb2m-7qRSzYuKwHbH3_VNjTShEq3bkbr0.w92Z1hQhhU9sCkGBRP0S1ePtMtumMD09CjZjC-aE6-w&dib_tag=se&keywords=phone&qid=1731288559&refresh=1&sr=8-4
https://m.media-amazon.com/images/I/71hvjmD42tL._AC_UY218_.jpg
4.4 颗星，最多 5 颗星
过去一个月有1000+顾客购买
US$324.99
*****************
摩托罗拉 Moto G 5G | 2023 | 解锁 | 适用于美国 4/128GB | 48 MP摄像头 | 墨蓝色,163.94x74.98x8.39
https://www.amazon.com/-/zh/dp/B0C2SWQBMB/ref=sr_1_5?__mk_zh_CN=%E4%BA%9A%E9%A9%AC%E9%80%8A%E7%BD%91%E7%AB%99&dib=eyJ2IjoiMSJ9.7xQtpwpNXLYjBhdhrIqrgMHP-I1OwLTvDKRKY4vg2HMVjpUrUH9feRbNeTDTNaJCAnlB02KIadzg8kL5olup28iV9nPPcFa9AEavD3LkIwgjRu1s0sDQtSHlKChNpunW0bzfdvEYbtmGZr4RSOOnGmndre7S8edmm-swwgl3nTpRbzozYGoPrWdyLLzH5aBbY1z-JzH8Sgnb2m-7qRSzYuKwHbH3_VNjTShEq3bkbr0.w92Z1hQhhU9sCkGBRP0S1ePtMtumMD09CjZjC-aE6-w&dib_tag=se&keywords=phone&qid=1731288559&refresh=1&sr=8-5
https://m.media-amazon.com/images/I/61vgbLrWDyL._AC_UY218_.jpg
4.1 颗星，最多 5 颗星
过去一个月有3000+顾客购买
US$139.99
*****************
松下无绳电话带应答机,高级呼叫块,双语来电显示和易读高对比度显示屏,可扩展系统带 2 个听筒 - KX-TGD832M(金属黑)
https://www.amazon.com/-/zh/dp/B0BZG14KFJ/ref=sr_1_6?__mk_zh_CN=%E4%BA%9A%E9%A9%AC%E9%80%8A%E7%BD%91%E7%AB%99&dib=eyJ2IjoiMSJ9.7xQtpwpNXLYjBhdhrIqrgMHP-I1OwLTvDKRKY4vg2HMVjpUrUH9feRbNeTDTNaJCAnlB02KIadzg8kL5olup28iV9nPPcFa9AEavD3LkIwgjRu1s0sDQtSHlKChNpunW0bzfdvEYbtmGZr4RSOOnGmndre7S8edmm-swwgl3nTpRbzozYGoPrWdyLLzH5aBbY1z-JzH8Sgnb2m-7qRSzYuKwHbH3_VNjTShEq3bkbr0.w92Z1hQhhU9sCkGBRP0S1ePtMtumMD09CjZjC-aE6-w&dib_tag=se&keywords=phone&qid=1731288559&refresh=1&sr=8-6
https://m.media-amazon.com/images/I/81nkYlfA5ZL._AC_UY218_.jpg
4.4 颗星，最多 5 颗星
过去一个月有5000+顾客购买
US$58.96
*****************
三星 Galaxy A05 A055M 64GB 双 SIM GSM 解锁 Android 智能手机(拉丁美洲版) - 黑色
https://www.amazon.com/-/zh/dp/B0CRWT7WF1/ref=sr_1_7?__mk_zh_CN=%E4%BA%9A%E9%A9%AC%E9%80%8A%E7%BD%91%E7%AB%99&dib=eyJ2IjoiMSJ9.7xQtpwpNXLYjBhdhrIqrgMHP-I1OwLTvDKRKY4vg2HMVjpUrUH9feRbNeTDTNaJCAnlB02KIadzg8kL5olup28iV9nPPcFa9AEavD3LkIwgjRu1s0sDQtSHlKChNpunW0bzfdvEYbtmGZr4RSOOnGmndre7S8edmm-swwgl3nTpRbzozYGoPrWdyLLzH5aBbY1z-JzH8Sgnb2m-7qRSzYuKwHbH3_VNjTShEq3bkbr0.w92Z1hQhhU9sCkGBRP0S1ePtMtumMD09CjZjC-aE6-w&dib_tag=se&keywords=phone&qid=1731288559&refresh=1&sr=8-7
https://m.media-amazon.com/images/I/61UjBLFlH2L._AC_UY218_.jpg
4.1 颗星，最多 5 颗星
过去一个月有1000+顾客购买
US$93.99
*****************
三星 Galaxy S24 FE AI 手机,128GB 解锁 Android 智能手机,高分辨率 500 万像素摄像头,电池寿命长,屏幕更亮,美国版,2024,美国 1 年制造商保修,石墨
https://www.amazon.com/-/zh/dp/B0DCLCPN9T/ref=sr_1_8?__mk_zh_CN=%E4%BA%9A%E9%A9%AC%E9%80%8A%E7%BD%91%E7%AB%99&dib=eyJ2IjoiMSJ9.7xQtpwpNXLYjBhdhrIqrgMHP-I1OwLTvDKRKY4vg2HMVjpUrUH9feRbNeTDTNaJCAnlB02KIadzg8kL5olup28iV9nPPcFa9AEavD3LkIwgjRu1s0sDQtSHlKChNpunW0bzfdvEYbtmGZr4RSOOnGmndre7S8edmm-swwgl3nTpRbzozYGoPrWdyLLzH5aBbY1z-JzH8Sgnb2m-7qRSzYuKwHbH3_VNjTShEq3bkbr0.w92Z1hQhhU9sCkGBRP0S1ePtMtumMD09CjZjC-aE6-w&dib_tag=se&keywords=phone&qid=1731288559&refresh=1&sr=8-8
https://m.media-amazon.com/images/I/61uakkLoHxL._AC_UY218_.jpg
4.7 颗星，最多 5 颗星
过去一个月有500+顾客购买
US$552.54
*****************
TracFone | 摩托罗拉 Moto g Pure | 锁定 | 32GB | 4000 mAh 电池 | 1300 万像素双摄像头系统 | 6.5 英寸 Max Vision HD+ 显示屏 | 蓝色
https://www.amazon.com/-/zh/dp/B0CHH1N9VY/ref=sr_1_9?__mk_zh_CN=%E4%BA%9A%E9%A9%AC%E9%80%8A%E7%BD%91%E7%AB%99&dib=eyJ2IjoiMSJ9.7xQtpwpNXLYjBhdhrIqrgMHP-I1OwLTvDKRKY4vg2HMVjpUrUH9feRbNeTDTNaJCAnlB02KIadzg8kL5olup28iV9nPPcFa9AEavD3LkIwgjRu1s0sDQtSHlKChNpunW0bzfdvEYbtmGZr4RSOOnGmndre7S8edmm-swwgl3nTpRbzozYGoPrWdyLLzH5aBbY1z-JzH8Sgnb2m-7qRSzYuKwHbH3_VNjTShEq3bkbr0.w92Z1hQhhU9sCkGBRP0S1ePtMtumMD09CjZjC-aE6-w&dib_tag=se&keywords=phone&qid=1731288559&refresh=1&sr=8-9
https://m.media-amazon.com/images/I/71zGrrAe5NL._AC_UY218_.jpg
4.2 颗星，最多 5 颗星
过去一个月有1000+顾客购买
US$49.99
*****************
三星 Galaxy S21 FE 5G 手机,工厂解锁 Android 智能手机,128GB,120Hz 显示屏,专业级摄像头,全天智能电池,美国版,2022,白色
https://www.amazon.com/-/zh/dp/B09BFRV59N/ref=sr_1_10?__mk_zh_CN=%E4%BA%9A%E9%A9%AC%E9%80%8A%E7%BD%91%E7%AB%99&dib=eyJ2IjoiMSJ9.7xQtpwpNXLYjBhdhrIqrgMHP-I1OwLTvDKRKY4vg2HMVjpUrUH9feRbNeTDTNaJCAnlB02KIadzg8kL5olup28iV9nPPcFa9AEavD3LkIwgjRu1s0sDQtSHlKChNpunW0bzfdvEYbtmGZr4RSOOnGmndre7S8edmm-swwgl3nTpRbzozYGoPrWdyLLzH5aBbY1z-JzH8Sgnb2m-7qRSzYuKwHbH3_VNjTShEq3bkbr0.w92Z1hQhhU9sCkGBRP0S1ePtMtumMD09CjZjC-aE6-w&dib_tag=se&keywords=phone&qid=1731288559&refresh=1&sr=8-10
https://m.media-amazon.com/images/I/61S8-z34EFL._AC_UY218_.jpg
4.5 颗星，最多 5 颗星
过去一个月有500+顾客购买
US$306.75
*****************
摩托罗拉 Edge | 2024 | 解锁 | 适用于美国 8/256GB | 50MP 摄像头 | 午夜蓝
https://www.amazon.com/-/zh/dp/B0D2JB6HP5/ref=sr_1_11?__mk_zh_CN=%E4%BA%9A%E9%A9%AC%E9%80%8A%E7%BD%91%E7%AB%99&dib=eyJ2IjoiMSJ9.7xQtpwpNXLYjBhdhrIqrgMHP-I1OwLTvDKRKY4vg2HMVjpUrUH9feRbNeTDTNaJCAnlB02KIadzg8kL5olup28iV9nPPcFa9AEavD3LkIwgjRu1s0sDQtSHlKChNpunW0bzfdvEYbtmGZr4RSOOnGmndre7S8edmm-swwgl3nTpRbzozYGoPrWdyLLzH5aBbY1z-JzH8Sgnb2m-7qRSzYuKwHbH3_VNjTShEq3bkbr0.w92Z1hQhhU9sCkGBRP0S1ePtMtumMD09CjZjC-aE6-w&dib_tag=se&keywords=phone&qid=1731288559&refresh=1&sr=8-11
https://m.media-amazon.com/images/I/81Vo6cSAWbL._AC_UY218_.jpg
4.3 颗星，最多 5 颗星
过去一个月有500+顾客购买
US$349.99
*****************
赞助广告- UMIDIGI Rugged Unlocked Cell Phones, Bison 2 PRO 8G+256GB, Rugged Smartphone with IP68 & IP69K, 6150mAh Mobile Phon...
https://www.amazon.com/-/zh/sspa/click?ie=UTF8&spc=MToxMjYxOTAyODUxNTY2MzMyOjE3MzEyODg1NTk6c3BfbXRmOjMwMDI5NzY2NTg1NjkwMjo6MDo6&url=%2Fdp%2FB09MM78SP3%2Fref%3Dsr_1_12_sspa%3F__mk_zh_CN%3D%25E4%25BA%259A%25E9%25A9%25AC%25E9%2580%258A%25E7%25BD%2591%25E7%25AB%2599%26dib%3DeyJ2IjoiMSJ9.7xQtpwpNXLYjBhdhrIqrgMHP-I1OwLTvDKRKY4vg2HMVjpUrUH9feRbNeTDTNaJCAnlB02KIadzg8kL5olup28iV9nPPcFa9AEavD3LkIwgjRu1s0sDQtSHlKChNpunW0bzfdvEYbtmGZr4RSOOnGmndre7S8edmm-swwgl3nTpRbzozYGoPrWdyLLzH5aBbY1z-JzH8Sgnb2m-7qRSzYuKwHbH3_VNjTShEq3bkbr0.w92Z1hQhhU9sCkGBRP0S1ePtMtumMD09CjZjC-aE6-w%26dib_tag%3Dse%26keywords%3Dphone%26qid%3D1731288559%26refresh%3D1%26sr%3D8-12-spons%26sp_csd%3Dd2lkZ2V0TmFtZT1zcF9tdGY%26psc%3D1
https://m.media-amazon.com/images/I/81dfxiXY6nL._AC_UY218_.jpg
3.8 颗星，最多 5 颗星
No evaluation
US$179.99
*****************
三星 Galaxy S24 Ultra 手机,256GB AI 智能手机,解锁 Android,50MP 变焦摄像头,电池寿命长,S 笔,美国版,2024,钛灰
https://www.amazon.com/-/zh/dp/B0CMDL3H3P/ref=sr_1_13?__mk_zh_CN=%E4%BA%9A%E9%A9%AC%E9%80%8A%E7%BD%91%E7%AB%99&dib=eyJ2IjoiMSJ9.7xQtpwpNXLYjBhdhrIqrgMHP-I1OwLTvDKRKY4vg2HMVjpUrUH9feRbNeTDTNaJCAnlB02KIadzg8kL5olup28iV9nPPcFa9AEavD3LkIwgjRu1s0sDQtSHlKChNpunW0bzfdvEYbtmGZr4RSOOnGmndre7S8edmm-swwgl3nTpRbzozYGoPrWdyLLzH5aBbY1z-JzH8Sgnb2m-7qRSzYuKwHbH3_VNjTShEq3bkbr0.w92Z1hQhhU9sCkGBRP0S1ePtMtumMD09CjZjC-aE6-w&dib_tag=se&keywords=phone&qid=1731288559&refresh=1&sr=8-13
https://m.media-amazon.com/images/I/71-EnPs+uQL._AC_UY218_.jpg
4.5 颗星，最多 5 颗星
过去一个月有300+顾客购买
US$1,249.62
*****************
三星 Galaxy A13 5G 手机,AT&T GSM 解锁安卓智能手机,64GB,持久电池,可扩展存储,三镜头摄像头,无限显示屏,黑色(续订)
https://www.amazon.com/-/zh/dp/B09T3MQSVP/ref=sr_1_14?__mk_zh_CN=%E4%BA%9A%E9%A9%AC%E9%80%8A%E7%BD%91%E7%AB%99&dib=eyJ2IjoiMSJ9.7xQtpwpNXLYjBhdhrIqrgMHP-I1OwLTvDKRKY4vg2HMVjpUrUH9feRbNeTDTNaJCAnlB02KIadzg8kL5olup28iV9nPPcFa9AEavD3LkIwgjRu1s0sDQtSHlKChNpunW0bzfdvEYbtmGZr4RSOOnGmndre7S8edmm-swwgl3nTpRbzozYGoPrWdyLLzH5aBbY1z-JzH8Sgnb2m-7qRSzYuKwHbH3_VNjTShEq3bkbr0.w92Z1hQhhU9sCkGBRP0S1ePtMtumMD09CjZjC-aE6-w&dib_tag=se&keywords=phone&qid=1731288559&refresh=1&sr=8-14
https://m.media-amazon.com/images/I/61PkHEMqZfL._AC_UY218_.jpg
3.8 颗星，最多 5 颗星
过去一个月有1000+顾客购买
US$169.00
*****************
Moto G Stylus 5G | 2024 | 解锁 | 适用于美国 8/256GB | 50MP 摄像头 | 猩红色波浪
https://www.amazon.com/-/zh/dp/B0D5PFR7DK/ref=sr_1_15?__mk_zh_CN=%E4%BA%9A%E9%A9%AC%E9%80%8A%E7%BD%91%E7%AB%99&dib=eyJ2IjoiMSJ9.7xQtpwpNXLYjBhdhrIqrgMHP-I1OwLTvDKRKY4vg2HMVjpUrUH9feRbNeTDTNaJCAnlB02KIadzg8kL5olup28iV9nPPcFa9AEavD3LkIwgjRu1s0sDQtSHlKChNpunW0bzfdvEYbtmGZr4RSOOnGmndre7S8edmm-swwgl3nTpRbzozYGoPrWdyLLzH5aBbY1z-JzH8Sgnb2m-7qRSzYuKwHbH3_VNjTShEq3bkbr0.w92Z1hQhhU9sCkGBRP0S1ePtMtumMD09CjZjC-aE6-w&dib_tag=se&keywords=phone&qid=1731288559&refresh=1&sr=8-15
https://m.media-amazon.com/images/I/61rBSOO7ZgL._AC_UY218_.jpg
4.5 颗星，最多 5 颗星
过去一个月有1000+顾客购买
US$249.99
*****************
Moto G Play | 2024 | 解锁 | 适用于美国 4/64GB | 50MP 摄像头 | 蓝宝石蓝
https://www.amazon.com/-/zh/dp/B0CP6DDN1H/ref=sr_1_16?__mk_zh_CN=%E4%BA%9A%E9%A9%AC%E9%80%8A%E7%BD%91%E7%AB%99&dib=eyJ2IjoiMSJ9.7xQtpwpNXLYjBhdhrIqrgMHP-I1OwLTvDKRKY4vg2HMVjpUrUH9feRbNeTDTNaJCAnlB02KIadzg8kL5olup28iV9nPPcFa9AEavD3LkIwgjRu1s0sDQtSHlKChNpunW0bzfdvEYbtmGZr4RSOOnGmndre7S8edmm-swwgl3nTpRbzozYGoPrWdyLLzH5aBbY1z-JzH8Sgnb2m-7qRSzYuKwHbH3_VNjTShEq3bkbr0.w92Z1hQhhU9sCkGBRP0S1ePtMtumMD09CjZjC-aE6-w&dib_tag=se&keywords=phone&qid=1731288559&refresh=1&sr=8-16
https://m.media-amazon.com/images/I/61xk4XNRktL._AC_UY218_.jpg
4.0 颗星，最多 5 颗星
过去一个月有1000+顾客购买
No price
*****************
赞助广告- UMIDIGI G9T 手机,安卓 14 智能手机解锁,6.7 英寸高清 + 90Hz 显示屏,5000mAh 电池,18W 快速充电,8(4+4)+128GB/1TB TF,1300 万像素摄像头,人工智能面部和手指 打印解锁, ...
https://www.amazon.com/-/zh/sspa/click?ie=UTF8&spc=MToxMjYxOTAyODUxNTY2MzMyOjE3MzEyODg1NTk6c3BfbXRmOjMwMDQ0Njc5MjY0MTAwMjo6MDo6&url=%2Fdp%2FB0DBLWQL1R%2Fref%3Dsr_1_17_sspa%3F__mk_zh_CN%3D%25E4%25BA%259A%25E9%25A9%25AC%25E9%2580%258A%25E7%25BD%2591%25E7%25AB%2599%26dib%3DeyJ2IjoiMSJ9.7xQtpwpNXLYjBhdhrIqrgMHP-I1OwLTvDKRKY4vg2HMVjpUrUH9feRbNeTDTNaJCAnlB02KIadzg8kL5olup28iV9nPPcFa9AEavD3LkIwgjRu1s0sDQtSHlKChNpunW0bzfdvEYbtmGZr4RSOOnGmndre7S8edmm-swwgl3nTpRbzozYGoPrWdyLLzH5aBbY1z-JzH8Sgnb2m-7qRSzYuKwHbH3_VNjTShEq3bkbr0.w92Z1hQhhU9sCkGBRP0S1ePtMtumMD09CjZjC-aE6-w%26dib_tag%3Dse%26keywords%3Dphone%26qid%3D1731288559%26refresh%3D1%26sr%3D8-17-spons%26sp_csd%3Dd2lkZ2V0TmFtZT1zcF9tdGY%26psc%3D1
https://m.media-amazon.com/images/I/6142buHFecL._AC_UY218_.jpg
4.3 颗星，最多 5 颗星
过去一个月有100+顾客购买
US$109.99
*****************
三星 Galaxy Z Fold 6 AI 手机,512GB 解锁安卓智能手机,圆形搜索,免提现场口译员,AI 照片编辑,大屏幕,2024,美国 1 年制造商保修,银色影子
https://www.amazon.com/-/zh/dp/B0D18SMB1X/ref=sr_1_18?__mk_zh_CN=%E4%BA%9A%E9%A9%AC%E9%80%8A%E7%BD%91%E7%AB%99&dib=eyJ2IjoiMSJ9.7xQtpwpNXLYjBhdhrIqrgMHP-I1OwLTvDKRKY4vg2HMVjpUrUH9feRbNeTDTNaJCAnlB02KIadzg8kL5olup28iV9nPPcFa9AEavD3LkIwgjRu1s0sDQtSHlKChNpunW0bzfdvEYbtmGZr4RSOOnGmndre7S8edmm-swwgl3nTpRbzozYGoPrWdyLLzH5aBbY1z-JzH8Sgnb2m-7qRSzYuKwHbH3_VNjTShEq3bkbr0.w92Z1hQhhU9sCkGBRP0S1ePtMtumMD09CjZjC-aE6-w&dib_tag=se&keywords=phone&qid=1731288559&refresh=1&sr=8-18
https://m.media-amazon.com/images/I/61Jjxzg7Q1L._AC_UY218_.jpg
4.2 颗星，最多 5 颗星
过去一个月有300+顾客购买
US$1,548.00
*****************
赞助广告- 6 英寸环形灯 USB 便携式视频会议照明,环形灯夹式笔记本电脑显示器,用于网络摄像头照明,变焦照明,自拍,视频,Vlog,远程工作
https://www.amazon.com/-/zh/sspa/click?ie=UTF8&spc=MToxMjYxOTAyODUxNTY2MzMyOjE3MzEyODg1NTk6c3BfYnRmOjMwMDQ0ODIyMDYzNzkwMjo6MDo6&url=%2Fdp%2FB0DBQ4M1QK%2Fref%3Dsr_1_19_sspa%3F__mk_zh_CN%3D%25E4%25BA%259A%25E9%25A9%25AC%25E9%2580%258A%25E7%25BD%2591%25E7%25AB%2599%26dib%3DeyJ2IjoiMSJ9.7xQtpwpNXLYjBhdhrIqrgMHP-I1OwLTvDKRKY4vg2HMVjpUrUH9feRbNeTDTNaJCAnlB02KIadzg8kL5olup28iV9nPPcFa9AEavD3LkIwgjRu1s0sDQtSHlKChNpunW0bzfdvEYbtmGZr4RSOOnGmndre7S8edmm-swwgl3nTpRbzozYGoPrWdyLLzH5aBbY1z-JzH8Sgnb2m-7qRSzYuKwHbH3_VNjTShEq3bkbr0.w92Z1hQhhU9sCkGBRP0S1ePtMtumMD09CjZjC-aE6-w%26dib_tag%3Dse%26keywords%3Dphone%26qid%3D1731288559%26refresh%3D1%26sr%3D8-19-spons%26sp_csd%3Dd2lkZ2V0TmFtZT1zcF9idGY%26psc%3D1
https://m.media-amazon.com/images/I/71CBUkyhu+L._AC_UY218_.jpg
4.8 颗星，最多 5 颗星
No evaluation
US$24.99
*****************
赞助广告- Selfie Light for Phone，68 LED Phone Light with Front and Back Clips, Rechargeable Selfie Light Clip, Adjusted 3 Ligh...
https://www.amazon.com/-/zh/sspa/click?ie=UTF8&spc=MToxMjYxOTAyODUxNTY2MzMyOjE3MzEyODg1NTk6c3BfYnRmOjMwMDUwOTYzNzI3MTgwMjo6MDo6&url=%2Fdp%2FB0DDCDXF4Q%2Fref%3Dsr_1_20_sspa%3F__mk_zh_CN%3D%25E4%25BA%259A%25E9%25A9%25AC%25E9%2580%258A%25E7%25BD%2591%25E7%25AB%2599%26dib%3DeyJ2IjoiMSJ9.7xQtpwpNXLYjBhdhrIqrgMHP-I1OwLTvDKRKY4vg2HMVjpUrUH9feRbNeTDTNaJCAnlB02KIadzg8kL5olup28iV9nPPcFa9AEavD3LkIwgjRu1s0sDQtSHlKChNpunW0bzfdvEYbtmGZr4RSOOnGmndre7S8edmm-swwgl3nTpRbzozYGoPrWdyLLzH5aBbY1z-JzH8Sgnb2m-7qRSzYuKwHbH3_VNjTShEq3bkbr0.w92Z1hQhhU9sCkGBRP0S1ePtMtumMD09CjZjC-aE6-w%26dib_tag%3Dse%26keywords%3Dphone%26qid%3D1731288559%26refresh%3D1%26sr%3D8-20-spons%26sp_csd%3Dd2lkZ2V0TmFtZT1zcF9idGY%26psc%3D1
https://m.media-amazon.com/images/I/71hy71So30L._AC_UY218_.jpg
4.5 颗星，最多 5 颗星
No evaluation
US$14.99
*****************
赞助广告- 126W [双 PD60W&QC30W] 点烟器 USB 车载充电器适配器快速充电 4 端口车载手机充电器适用于 iPhone 16/15/14/13/12,三星 Galaxy S24/S23 谷歌 Pixel 笔记本电脑
https://www.amazon.com/-/zh/sspa/click?ie=UTF8&spc=MToxMjYxOTAyODUxNTY2MzMyOjE3MzEyODg1NTk6c3BfYnRmOjMwMDQzMzYxMTgxNzMwMjo6MDo6&url=%2Fdp%2FB0D3X6B4MV%2Fref%3Dsr_1_21_sspa%3F__mk_zh_CN%3D%25E4%25BA%259A%25E9%25A9%25AC%25E9%2580%258A%25E7%25BD%2591%25E7%25AB%2599%26dib%3DeyJ2IjoiMSJ9.7xQtpwpNXLYjBhdhrIqrgMHP-I1OwLTvDKRKY4vg2HMVjpUrUH9feRbNeTDTNaJCAnlB02KIadzg8kL5olup28iV9nPPcFa9AEavD3LkIwgjRu1s0sDQtSHlKChNpunW0bzfdvEYbtmGZr4RSOOnGmndre7S8edmm-swwgl3nTpRbzozYGoPrWdyLLzH5aBbY1z-JzH8Sgnb2m-7qRSzYuKwHbH3_VNjTShEq3bkbr0.w92Z1hQhhU9sCkGBRP0S1ePtMtumMD09CjZjC-aE6-w%26dib_tag%3Dse%26keywords%3Dphone%26qid%3D1731288559%26refresh%3D1%26sr%3D8-21-spons%26sp_csd%3Dd2lkZ2V0TmFtZT1zcF9idGY%26psc%3D1
https://m.media-amazon.com/images/I/71fJaHkEysL._AC_UY218_.jpg
3.6 颗星，最多 5 颗星
过去一个月有100+顾客购买
US$39.99
